<?xml version="1.0" encoding="UTF-8"?>
<testsuite xmlns:xsi="http://www.w3.org/2001/XMLSchema-instance" xsi:noNamespaceSchemaLocation="https://maven.apache.org/surefire/maven-surefire-plugin/xsd/surefire-test-report.xsd" version="3.0.2" name="com.example.roadworks.RoadworksApplicationTests" time="7.909" tests="1" errors="0" skipped="0" failures="0">
  <properties>
[...]
</properties>
  <testcase name="contextLoads" classname="com.example.roadworks.RoadworksApplicationTests" time="0.484">
    <system-out><![CDATA[10:00:56.791 [main] INFO org.springframework.test.context.support.AnnotationConfigContextLoaderUtils -- Could not detect default configuration classes for test class [com.example.roadworks.RoadworksApplicationTests]: RoadworksApplicationTests does not declare any static, non-private, non-final, nested classes annotated with @Configuration.
10:00:56.922 [main] INFO org.springframework.boot.test.context.SpringBootTestContextBootstrapper -- Found @SpringBootConfiguration com.example.roadworks.RoadworksApplication for test class com.example.roadworks.RoadworksApplicationTests
10:00:57.090 [main] INFO org.springframework.boot.devtools.restart.RestartApplicationListener -- Restart disabled due to context in which it is running

  .   ____          _            __ _ _
 /\\ / ___'_ __ _ _(_)_ __  __ _ \ \ \ \
( ( )\___ | '_ | '_| | '_ \/ _` | \ \ \ \
 \\/  ___)| |_)| | | | | || (_| |  ) ) ) )
  '  |____| .__|_| |_|_| |_\__, | / / / /
 =========|_|==============|___/=/_/_/_/

 :: Spring Boot ::                (v4.0.3)

2026-03-26T10:00:57.461+02:00  INFO 15112 --- [RoadWorks Manager] [           main] c.e.roadworks.RoadworksApplicationTests  : Starting RoadworksApplicationTests using Java 22.0.1 with PID 15112 (started by uie89461 in D:\personal\roadworks)
2026-03-26T10:00:57.464+02:00  INFO 15112 --- [RoadWorks Manager] [           main] c.e.roadworks.RoadworksApplicationTests  : No active profile set, falling back to 1 default profile: "default"
2026-03-26T10:00:58.315+02:00  INFO 15112 --- [RoadWorks Manager] [           main] .s.d.r.c.RepositoryConfigurationDelegate : Bootstrapping Spring Data JPA repositories in DEFAULT mode.
2026-03-26T10:00:58.373+02:00  INFO 15112 --- [RoadWorks Manager] [           main] .s.d.r.c.RepositoryConfigurationDelegate : Finished Spring Data repository scanning in 48 ms. Found 3 JPA repository interfaces.
2026-03-26T10:00:59.021+02:00  INFO 15112 --- [RoadWorks Manager] [           main] org.hibernate.orm.jpa                    : HHH008540: Processing PersistenceUnitInfo [name: default]
2026-03-26T10:00:59.144+02:00  INFO 15112 --- [RoadWorks Manager] [           main] org.hibernate.orm.core                   : HHH000001: Hibernate ORM core version 7.2.4.Final
2026-03-26T10:00:59.742+02:00  INFO 15112 --- [RoadWorks Manager] [           main] o.s.o.j.p.SpringPersistenceUnitInfo      : No LoadTimeWeaver setup: ignoring JPA class transformer
2026-03-26T10:00:59.787+02:00  INFO 15112 --- [RoadWorks Manager] [           main] com.zaxxer.hikari.HikariDataSource       : HikariPool-1 - Starting...
2026-03-26T10:00:59.960+02:00  INFO 15112 --- [RoadWorks Manager] [           main] com.zaxxer.hikari.pool.HikariPool        : HikariPool-1 - Added connection conn0: url=jdbc:h2:mem:roadworksdb user=SA
2026-03-26T10:00:59.962+02:00  INFO 15112 --- [RoadWorks Manager] [           main] com.zaxxer.hikari.HikariDataSource       : HikariPool-1 - Start completed.
2026-03-26T10:00:59.987+02:00  WARN 15112 --- [RoadWorks Manager] [           main] org.hibernate.orm.deprecation            : HHH90000025: H2Dialect does not need to be specified explicitly using 'hibernate.dialect' (remove the property setting and it will be selected by default)
2026-03-26T10:01:00.012+02:00  INFO 15112 --- [RoadWorks Manager] [           main] org.hibernate.orm.connections.pooling    : HHH10001005: Database info:
	Database JDBC URL [jdbc:h2:mem:roadworksdb]
	Database driver: H2 JDBC Driver
	Database dialect: H2Dialect
	Database version: 2.4.240
	Default catalog/schema: ROADWORKSDB/PUBLIC
	Autocommit mode: undefined/unknown
	Isolation level: READ_COMMITTED [default READ_COMMITTED]
	JDBC fetch size: 100
	Pool: DataSourceConnectionProvider
	Minimum pool size: undefined/unknown
	Maximum pool size: undefined/unknown
2026-03-26T10:01:00.965+02:00  INFO 15112 --- [RoadWorks Manager] [           main] org.hibernate.orm.core                   : HHH000489: No JTA platform available (set 'hibernate.transaction.jta.platform' to enable JTA platform integration)
2026-03-26T10:01:01.020+02:00  INFO 15112 --- [RoadWorks Manager] [           main] j.LocalContainerEntityManagerFactoryBean : Initialized JPA EntityManagerFactory for persistence unit 'default'
2026-03-26T10:01:01.134+02:00  INFO 15112 --- [RoadWorks Manager] [           main] o.s.d.j.r.query.QueryEnhancerFactories   : Hibernate is in classpath; If applicable, HQL parser will be used.
2026-03-26T10:01:02.479+02:00  INFO 15112 --- [RoadWorks Manager] [           main] eAuthenticationProviderManagerConfigurer : Global AuthenticationManager configured with AuthenticationProvider bean with name authenticationProvider
2026-03-26T10:01:02.480+02:00  WARN 15112 --- [RoadWorks Manager] [           main] r$InitializeUserDetailsManagerConfigurer : Global AuthenticationManager configured with an AuthenticationProvider bean. UserDetailsService beans will not be used by Spring Security for automatically configuring username/password login. Consider removing the AuthenticationProvider bean. Alternatively, consider using the UserDetailsService in a manually instantiated DaoAuthenticationProvider. If the current configuration is intentional, to turn off this warning, increase the logging level of 'org.springframework.security.config.annotation.authentication.configuration.InitializeUserDetailsBeanManagerConfigurer' to ERROR
2026-03-26T10:01:03.385+02:00  INFO 15112 --- [RoadWorks Manager] [           main] c.e.roadworks.RoadworksApplicationTests  : Started RoadworksApplicationTests in 6.308 seconds (process running for 7.666)
2026-03-26T10:01:03.824+02:00  INFO 15112 --- [RoadWorks Manager] [           main] com.example.roadworks.DataInitializer    : Demo users created: admin / admin123, ionescu / password123, viewer / viewer123
2026-03-26T10:01:03.945+02:00  INFO 15112 --- [RoadWorks Manager] [           main] com.example.roadworks.DataInitializer    : Demo road work data created (6 records).
]]></system-out>
    <system-err><![CDATA[Mockito is currently self-attaching to enable the inline-mock-maker. This will no longer work in future releases of the JDK. Please add Mockito as an agent to your build as described in Mockito's documentation: https://javadoc.io/doc/org.mockito/mockito-core/latest/org.mockito/org/mockito/Mockito.html#0.3
WARNING: A Java agent has been loaded dynamically (C:\Users\uie89461\.m2\repository\net\bytebuddy\byte-buddy-agent\1.17.8\byte-buddy-agent-1.17.8.jar)
WARNING: If a serviceability tool is in use, please run with -XX:+EnableDynamicAgentLoading to hide this warning
WARNING: If a serviceability tool is not in use, please run with -Djdk.instrument.traceUsage for more information
WARNING: Dynamic loading of agents will be disallowed by default in a future release
]]></system-err>
  </testcase>
</testsuite>